Connecting to database specified by database.yml
Connecting to database specified by database.yml
Connecting to database specified by database.yml
Compiled jquery.js  (41ms)  (pid 11798)
Compiled jquery-ui.js  (2ms)  (pid 11798)
Compiled jquery_ujs.js  (0ms)  (pid 11798)
Compiled active_admin/lib/namespace.js  (63ms)  (pid 11798)
Compiled active_admin/components/jquery.aa.checkbox-toggler.js  (35ms)  (pid 11798)
Compiled active_admin/components/jquery.aa.dropdown-menu.js  (27ms)  (pid 11798)
Compiled active_admin/components/jquery.aa.popover.js  (27ms)  (pid 11798)
Compiled active_admin/components/jquery.aa.table-checkbox-toggler.js  (7ms)  (pid 11798)
Compiled active_admin/pages/application.js  (9ms)  (pid 11798)
Compiled active_admin/pages/batch_actions.js  (7ms)  (pid 11798)
Compiled active_admin/application.js  (197ms)  (pid 11798)
Compiled active_admin/base.js  (291ms)  (pid 11798)
Compiled active_admin.js  (310ms)  (pid 11798)
Compiled albums.js  (16ms)  (pid 11798)
Compiled libs/jquery.js  (1ms)  (pid 11798)
Compiled libs/jquery.easing.1.3.js  (0ms)  (pid 11798)
Compiled plugins/jquery.fancybox-1.3.4.pack.js  (0ms)  (pid 11798)
Compiled libs/modernizr.js  (0ms)  (pid 11798)
Compiled libs/selectivizr.js  (0ms)  (pid 11798)
Compiled bootstrap/bootstrap.js  (0ms)  (pid 11798)
Compiled navigation.js  (0ms)  (pid 11798)
Compiled ruby.developer.js  (17ms)  (pid 11798)
Compiled plugins/jquery.jplayer.min.js  (0ms)  (pid 11798)
Compiled plugins/circle.player.js  (0ms)  (pid 11798)
Compiled plugins/jquery.grab.js  (0ms)  (pid 11798)
Compiled plugins/jquery.transform2d.js  (0ms)  (pid 11798)
Compiled plugins/mod.csstransforms.min.js  (0ms)  (pid 11798)
Compiled plugins/jGrowl/jquery.jgrowl.js  (1ms)  (pid 11798)
Compiled application.js  (95ms)  (pid 11798)
Compiled collections.js  (1ms)  (pid 11798)
Compiled common.js  (15ms)  (pid 11798)
Compiled conversations.js  (15ms)  (pid 11798)
Compiled friend_maps.js  (20ms)  (pid 11798)
Compiled home.js  (6ms)  (pid 11798)
Compiled image_playlists.js  (4ms)  (pid 11798)
Compiled isotope.js  (0ms)  (pid 11798)
Compiled jquery-tourbus.min.js  (0ms)  (pid 11798)
Compiled jquery.fileupload-ui.js  (0ms)  (pid 11798)
Compiled jquery.fileupload.js  (0ms)  (pid 11798)
Compiled js/bootstrap-lightbox.min.js  (0ms)  (pid 11798)
Compiled js/bootstrap.min.js  (0ms)  (pid 11798)
Compiled js/custom.js  (0ms)  (pid 11798)
Compiled js/jquery.backstretch.min.js  (0ms)  (pid 11798)
Compiled js/retina.js  (0ms)  (pid 11798)
Compiled music_networks.js  (0ms)  (pid 11798)
Compiled music_playlists.js  (5ms)  (pid 11798)
Compiled music_urls.js  (4ms)  (pid 11798)
Compiled photo_networks.js  (0ms)  (pid 11798)
Compiled photo_urls.js  (4ms)  (pid 11798)
Compiled photos.js  (0ms)  (pid 11798)
Compiled playlists.js  (37ms)  (pid 11798)
Compiled plugins/player_cheage/video-script.js  (0ms)  (pid 11798)
Compiled plugins/player_cheage/video.js  (0ms)  (pid 11798)
Compiled plugins/player_cheage/vjs.youtube.js  (0ms)  (pid 11798)
Compiled plugins/screenfull.min.js  (0ms)  (pid 11798)
Compiled soundcloud.js  (8ms)  (pid 11798)
Compiled track_albums.js  (5ms)  (pid 11798)
Compiled tracks.js  (0ms)  (pid 11798)
Compiled uploaded_audios.js  (14ms)  (pid 11798)
Compiled uploaded_videos.js  (22ms)  (pid 11798)
Compiled users.js  (6ms)  (pid 11798)
Compiled video_albums.js  (8ms)  (pid 11798)
Compiled video_networks.js  (2ms)  (pid 11798)
Compiled video_playlists.js  (16ms)  (pid 11798)
Compiled video_urls.js  (9ms)  (pid 11798)
Compiled active_admin.css  (1551ms)  (pid 11798)
Compiled ajax.css  (1ms)  (pid 11798)
Compiled albums.css  (1ms)  (pid 11798)
Compiled bootstrap-responsive.css  (0ms)  (pid 11798)
Compiled bootstrap-responsive.min.css  (0ms)  (pid 11798)
Compiled bootstrap.css  (0ms)  (pid 11798)
Compiled bootstrap.min.css  (0ms)  (pid 11798)
Compiled circle.player.css  (0ms)  (pid 11798)
Compiled conversations.css  (5ms)  (pid 11798)
Compiled home.css  (40ms)  (pid 11798)
Compiled jplayer.blue.monday.css  (0ms)  (pid 11798)
Compiled jquery-tourbus.css  (0ms)  (pid 11798)
Compiled jquery.fileupload-ui.css  (0ms)  (pid 11798)
Compiled music_networks.css  (1ms)  (pid 11798)
Compiled music_playlists.css  (1ms)  (pid 11798)
Compiled photo_networks.css  (1ms)  (pid 11798)
Compiled photo_urls.css  (1ms)  (pid 11798)
Compiled photos.css  (41ms)  (pid 11798)
Compiled playlists.css  (1ms)  (pid 11798)
Compiled plugins/bootstrap-wysihtml5.css  (0ms)  (pid 11798)
Compiled plugins/jquery.datatables.css  (0ms)  (pid 11798)
Compiled plugins/jquery.fancybox-1.3.4.css  (0ms)  (pid 11798)
Compiled plugins/jquery.fullcalendar.css  (0ms)  (pid 11798)
Compiled plugins/jquery.jgrowl.css  (0ms)  (pid 11798)
Compiled plugins/jquery.jwysiwyg.css  (0ms)  (pid 11798)
Compiled plugins/jquery.plupload.queue.css  (0ms)  (pid 11798)
Compiled plugins/jquery.snippet.css  (0ms)  (pid 11798)
Compiled plugins/jquery.tagsinput.css  (0ms)  (pid 11798)
Compiled plugins/jquery.ui.plupload.css  (0ms)  (pid 11798)
Compiled plugins/jquery.visualize.css  (0ms)  (pid 11798)
Compiled plugins/player-embed.css  (0ms)  (pid 11798)
Compiled plugins/video-js.css  (0ms)  (pid 11798)
Compiled public.css  (40ms)  (pid 11798)
Compiled services.css  (1ms)  (pid 11798)
Compiled tracks.css  (1ms)  (pid 11798)
Compiled uploaded_photos.css  (1ms)  (pid 11798)
Compiled video_networks.css  (1ms)  (pid 11798)
Compiled video_playlists.css  (1ms)  (pid 11798)
Compiled wuxia-orange.css  (37ms)  (pid 11798)
Compiled application.css  (318ms)  (pid 11798)
Compiled active_admin/print.css  (47ms)  (pid 11798)
Connecting to database specified by database.yml
Compiled jquery.js  (1ms)  (pid 11798)
Compiled jquery-ui.js  (39ms)  (pid 11798)
Compiled jquery_ujs.js  (0ms)  (pid 11798)
Compiled active_admin/lib/namespace.js  (63ms)  (pid 11798)
Compiled active_admin/components/jquery.aa.checkbox-toggler.js  (35ms)  (pid 11798)
Compiled active_admin/components/jquery.aa.dropdown-menu.js  (27ms)  (pid 11798)
Compiled active_admin/components/jquery.aa.popover.js  (27ms)  (pid 11798)
Compiled active_admin/components/jquery.aa.table-checkbox-toggler.js  (7ms)  (pid 11798)
Compiled active_admin/pages/application.js  (9ms)  (pid 11798)
Compiled active_admin/pages/batch_actions.js  (6ms)  (pid 11798)
Compiled active_admin/application.js  (196ms)  (pid 11798)
Compiled active_admin/base.js  (252ms)  (pid 11798)
Compiled active_admin.js  (295ms)  (pid 11798)
Compiled albums.js  (16ms)  (pid 11798)
Compiled libs/jquery.js  (1ms)  (pid 11798)
Compiled libs/jquery.easing.1.3.js  (0ms)  (pid 11798)
Compiled plugins/jquery.fancybox-1.3.4.pack.js  (0ms)  (pid 11798)
Compiled libs/modernizr.js  (0ms)  (pid 11798)
Compiled libs/selectivizr.js  (0ms)  (pid 11798)
Compiled bootstrap/bootstrap.js  (0ms)  (pid 11798)
Compiled navigation.js  (0ms)  (pid 11798)
Compiled ruby.developer.js  (17ms)  (pid 11798)
Compiled plugins/jquery.jplayer.min.js  (0ms)  (pid 11798)
Compiled plugins/circle.player.js  (0ms)  (pid 11798)
Compiled plugins/jquery.grab.js  (0ms)  (pid 11798)
Compiled plugins/jquery.transform2d.js  (0ms)  (pid 11798)
Compiled plugins/mod.csstransforms.min.js  (0ms)  (pid 11798)
Compiled plugins/jGrowl/jquery.jgrowl.js  (0ms)  (pid 11798)
Compiled application.js  (55ms)  (pid 11798)
Compiled collections.js  (1ms)  (pid 11798)
Compiled common.js  (15ms)  (pid 11798)
Compiled conversations.js  (14ms)  (pid 11798)
Compiled friend_maps.js  (20ms)  (pid 11798)
Compiled home.js  (6ms)  (pid 11798)
Compiled image_playlists.js  (4ms)  (pid 11798)
Compiled isotope.js  (0ms)  (pid 11798)
Compiled jquery-tourbus.min.js  (0ms)  (pid 11798)
Compiled jquery.fileupload-ui.js  (0ms)  (pid 11798)
Compiled jquery.fileupload.js  (0ms)  (pid 11798)
Compiled js/bootstrap-lightbox.min.js  (0ms)  (pid 11798)
Compiled js/bootstrap.min.js  (0ms)  (pid 11798)
Compiled js/custom.js  (0ms)  (pid 11798)
Compiled js/jquery.backstretch.min.js  (0ms)  (pid 11798)
Compiled js/retina.js  (0ms)  (pid 11798)
Compiled music_networks.js  (1ms)  (pid 11798)
Compiled music_playlists.js  (5ms)  (pid 11798)
Compiled music_urls.js  (4ms)  (pid 11798)
Compiled photo_networks.js  (0ms)  (pid 11798)
Compiled photo_urls.js  (4ms)  (pid 11798)
Compiled photos.js  (0ms)  (pid 11798)
Compiled playlists.js  (37ms)  (pid 11798)
Compiled plugins/player_cheage/video-script.js  (0ms)  (pid 11798)
Compiled plugins/player_cheage/video.js  (0ms)  (pid 11798)
Compiled plugins/player_cheage/vjs.youtube.js  (0ms)  (pid 11798)
Compiled plugins/screenfull.min.js  (0ms)  (pid 11798)
Compiled soundcloud.js  (12ms)  (pid 11798)
Compiled track_albums.js  (5ms)  (pid 11798)
Compiled tracks.js  (0ms)  (pid 11798)
Compiled uploaded_audios.js  (14ms)  (pid 11798)
Compiled uploaded_videos.js  (23ms)  (pid 11798)
Compiled users.js  (6ms)  (pid 11798)
Compiled video_albums.js  (8ms)  (pid 11798)
Compiled video_networks.js  (2ms)  (pid 11798)
Compiled video_playlists.js  (16ms)  (pid 11798)
Compiled video_urls.js  (9ms)  (pid 11798)
Compiled active_admin.css  (1487ms)  (pid 11798)
Compiled ajax.css  (1ms)  (pid 11798)
Compiled albums.css  (1ms)  (pid 11798)
Compiled bootstrap-responsive.css  (0ms)  (pid 11798)
Compiled bootstrap-responsive.min.css  (0ms)  (pid 11798)
Compiled bootstrap.css  (0ms)  (pid 11798)
Compiled bootstrap.min.css  (0ms)  (pid 11798)
Compiled circle.player.css  (0ms)  (pid 11798)
Compiled conversations.css  (45ms)  (pid 11798)
Compiled home.css  (1ms)  (pid 11798)
Compiled jplayer.blue.monday.css  (0ms)  (pid 11798)
Compiled jquery-tourbus.css  (0ms)  (pid 11798)
Compiled jquery.fileupload-ui.css  (0ms)  (pid 11798)
Compiled music_networks.css  (1ms)  (pid 11798)
Compiled music_playlists.css  (1ms)  (pid 11798)
Compiled photo_networks.css  (1ms)  (pid 11798)
Compiled photo_urls.css  (1ms)  (pid 11798)
Compiled photos.css  (1ms)  (pid 11798)
Compiled playlists.css  (1ms)  (pid 11798)
Compiled plugins/bootstrap-wysihtml5.css  (0ms)  (pid 11798)
Compiled plugins/jquery.datatables.css  (0ms)  (pid 11798)
Compiled plugins/jquery.fancybox-1.3.4.css  (0ms)  (pid 11798)
Compiled plugins/jquery.fullcalendar.css  (0ms)  (pid 11798)
Compiled plugins/jquery.jgrowl.css  (0ms)  (pid 11798)
Compiled plugins/jquery.jwysiwyg.css  (0ms)  (pid 11798)
Compiled plugins/jquery.plupload.queue.css  (0ms)  (pid 11798)
Compiled plugins/jquery.snippet.css  (0ms)  (pid 11798)
Compiled plugins/jquery.tagsinput.css  (0ms)  (pid 11798)
Compiled plugins/jquery.ui.plupload.css  (0ms)  (pid 11798)
Compiled plugins/jquery.visualize.css  (0ms)  (pid 11798)
Compiled plugins/player-embed.css  (0ms)  (pid 11798)
Compiled plugins/video-js.css  (0ms)  (pid 11798)
Compiled public.css  (1ms)  (pid 11798)
Compiled services.css  (1ms)  (pid 11798)
Compiled tracks.css  (41ms)  (pid 11798)
Compiled uploaded_photos.css  (1ms)  (pid 11798)
Compiled video_networks.css  (1ms)  (pid 11798)
Compiled video_playlists.css  (1ms)  (pid 11798)
Compiled wuxia-orange.css  (0ms)  (pid 11798)
Compiled application.css  (238ms)  (pid 11798)
Compiled active_admin/print.css  (47ms)  (pid 11798)
